<?xml version="1.0" encoding="UTF-8"?>
<coverage generated="1722920123920" clover="3.2.0">
  <project timestamp="1722920123920" name="All files">
    <metrics statements="14" coveredstatements="14" conditionals="2" coveredconditionals="2" methods="7" coveredmethods="7" elements="23" coveredelements="23" complexity="0" loc="14" ncloc="14" packages="2" files="3" classes="3"/>
    <package name="assets">
      <metrics statements="1" coveredstatements="1" conditionals="0" coveredconditionals="0" methods="1" coveredmethods="1"/>
      <file name="spider.tsx" path="/home/steven-walker/Documents/Spiders/src/assets/spider.tsx">
        <metrics statements="1" coveredstatements="1" conditionals="0" coveredconditionals="0" methods="1" coveredmethods="1"/>
        <line num="4" count="35" type="stmt"/>
      </file>
    </package>
    <package name="components">
      <metrics statements="13" coveredstatements="13" conditionals="2" coveredconditionals="2" methods="6" coveredmethods="6"/>
      <file name="Counter.tsx" path="/home/steven-walker/Documents/Spiders/src/components/Counter.tsx">
        <metrics statements="8" coveredstatements="8" conditionals="2" coveredconditionals="2" methods="4" coveredmethods="4"/>
        <line num="10" count="30" type="cond" truecount="2" falsecount="0"/>
        <line num="11" count="28" type="stmt"/>
        <line num="13" count="2" type="stmt"/>
        <line num="15" count="30" type="stmt"/>
        <line num="31" count="30" type="stmt"/>
        <line num="39" count="30" type="stmt"/>
        <line num="40" count="30" type="stmt"/>
        <line num="41" count="30" type="stmt"/>
      </file>
      <file name="Spider.tsx" path="/home/steven-walker/Documents/Spiders/src/components/Spider.tsx">
        <metrics statements="5" coveredstatements="5" conditionals="0" coveredconditionals="0" methods="2" coveredmethods="2"/>
        <line num="9" count="35" type="stmt"/>
        <line num="10" count="35" type="stmt"/>
        <line num="11" count="35" type="stmt"/>
        <line num="12" count="35" type="stmt"/>
        <line num="14" count="35" type="stmt"/>
      </file>
    </package>
  </project>
</coverage>
