<?xml version="1.0" encoding="UTF-8"?>
<coverage generated="1722928452764" clover="3.2.0">
  <project timestamp="1722928452765" name="All files">
    <metrics statements="5" coveredstatements="5" conditionals="0" coveredconditionals="0" methods="2" coveredmethods="2" elements="7" coveredelements="7" complexity="0" loc="5" ncloc="5" packages="1" files="1" classes="1"/>
    <file name="Player.tsx" path="/home/steven-walker/Documents/Spiders/src/components/Player.tsx">
      <metrics statements="5" coveredstatements="5" conditionals="0" coveredconditionals="0" methods="2" coveredmethods="2"/>
      <line num="9" count="35" type="stmt"/>
      <line num="10" count="35" type="stmt"/>
      <line num="11" count="35" type="stmt"/>
      <line num="12" count="35" type="stmt"/>
      <line num="14" count="35" type="stmt"/>
    </file>
  </project>
</coverage>
