{"/home/steven-walker/Documents/Spiders/src/components/Spider.tsx": {"path":"/home/steven-walker/Documents/Spiders/src/components/Spider.tsx","statementMap":{"0":{"start":{"line":4,"column":31},"end":{"line":4,"column":32}},"1":{"start":{"line":5,"column":28},"end":{"line":5,"column":50}},"2":{"start":{"line":7,"column":16},"end":{"line":7,"column":52}},"3":{"start":{"line":8,"column":16},"end":{"line":8,"column":50}},"4":{"start":{"line":8,"column":22},"end":{"line":8,"column":50}},"5":{"start":{"line":10,"column":2},"end":{"line":18,"column":4}}},"fnMap":{"0":{"name":"Spider","decl":{"start":{"line":3,"column":24},"end":{"line":3,"column":30}},"loc":{"start":{"line":3,"column":33},"end":{"line":19,"column":1}},"line":3},"1":{"name":"(anonymous_1)","decl":{"start":{"line":8,"column":16},"end":{"line":8,"column":17}},"loc":{"start":{"line":8,"column":22},"end":{"line":8,"column":50}},"line":8}},"branchMap":{},"s":{"0":35,"1":35,"2":35,"3":35,"4":28,"5":35},"f":{"0":35,"1":28},"b":{},"_coverageSchema":"1a1c01bbd47fc00a2c39e90264f33305004495a9","hash":"c1de28681fffe99435bf1d165cfbc509a567ebf2"}
}
