{"/home/steven-walker/Documents/Spiders/src/assets/spider.tsx": {"path":"/home/steven-walker/Documents/Spiders/src/assets/spider.tsx","statementMap":{"0":{"start":{"line":4,"column":2},"end":{"line":12,"column":4}}},"fnMap":{"0":{"name":"SpiderSVG","decl":{"start":{"line":3,"column":24},"end":{"line":3,"column":33}},"loc":{"start":{"line":3,"column":67},"end":{"line":13,"column":1}},"line":3}},"branchMap":{},"s":{"0":35},"f":{"0":35},"b":{},"_coverageSchema":"1a1c01bbd47fc00a2c39e90264f33305004495a9","hash":"956f03e93903cf81963cfa13c9a173c8ce1f5aa7"}
,"/home/steven-walker/Documents/Spiders/src/components/Counter.tsx": {"path":"/home/steven-walker/Documents/Spiders/src/components/Counter.tsx","statementMap":{"0":{"start":{"line":10,"column":2},"end":{"line":14,"column":3}},"1":{"start":{"line":11,"column":4},"end":{"line":11,"column":31}},"2":{"start":{"line":13,"column":4},"end":{"line":13,"column":22}},"3":{"start":{"line":15,"column":2},"end":{"line":23,"column":4}},"4":{"start":{"line":31,"column":2},"end":{"line":31,"column":50}},"5":{"start":{"line":39,"column":28},"end":{"line":39,"column":39}},"6":{"start":{"line":40,"column":18},"end":{"line":40,"column":57}},"7":{"start":{"line":40,"column":24},"end":{"line":40,"column":57}},"8":{"start":{"line":41,"column":2},"end":{"line":53,"column":4}}},"fnMap":{"0":{"name":"Button","decl":{"start":{"line":8,"column":9},"end":{"line":8,"column":15}},"loc":{"start":{"line":8,"column":63},"end":{"line":24,"column":1}},"line":8},"1":{"name":"Paragraph","decl":{"start":{"line":30,"column":9},"end":{"line":30,"column":18}},"loc":{"start":{"line":30,"column":61},"end":{"line":32,"column":1}},"line":30},"2":{"name":"Counter","decl":{"start":{"line":38,"column":24},"end":{"line":38,"column":31}},"loc":{"start":{"line":38,"column":65},"end":{"line":54,"column":1}},"line":38},"3":{"name":"(anonymous_3)","decl":{"start":{"line":40,"column":18},"end":{"line":40,"column":19}},"loc":{"start":{"line":40,"column":24},"end":{"line":40,"column":57}},"line":40}},"branchMap":{"0":{"loc":{"start":{"line":10,"column":2},"end":{"line":14,"column":3}},"type":"if","locations":[{"start":{"line":10,"column":2},"end":{"line":14,"column":3}},{"start":{"line":12,"column":9},"end":{"line":14,"column":3}}],"line":10}},"s":{"0":30,"1":28,"2":2,"3":30,"4":30,"5":30,"6":30,"7":24,"8":30},"f":{"0":30,"1":30,"2":30,"3":24},"b":{"0":[28,2]},"_coverageSchema":"1a1c01bbd47fc00a2c39e90264f33305004495a9","hash":"487ecf9e19a6521909b1604c1c0d5ee40fe6dbe4"}
,"/home/steven-walker/Documents/Spiders/src/components/Spider.tsx": {"path":"/home/steven-walker/Documents/Spiders/src/components/Spider.tsx","statementMap":{"0":{"start":{"line":9,"column":31},"end":{"line":9,"column":32}},"1":{"start":{"line":10,"column":28},"end":{"line":10,"column":50}},"2":{"start":{"line":11,"column":16},"end":{"line":11,"column":52}},"3":{"start":{"line":12,"column":16},"end":{"line":12,"column":50}},"4":{"start":{"line":12,"column":22},"end":{"line":12,"column":50}},"5":{"start":{"line":14,"column":2},"end":{"line":22,"column":4}}},"fnMap":{"0":{"name":"Spider","decl":{"start":{"line":8,"column":24},"end":{"line":8,"column":30}},"loc":{"start":{"line":8,"column":59},"end":{"line":23,"column":1}},"line":8},"1":{"name":"(anonymous_1)","decl":{"start":{"line":12,"column":16},"end":{"line":12,"column":17}},"loc":{"start":{"line":12,"column":22},"end":{"line":12,"column":50}},"line":12}},"branchMap":{},"s":{"0":35,"1":35,"2":35,"3":35,"4":28,"5":35},"f":{"0":35,"1":28},"b":{},"_coverageSchema":"1a1c01bbd47fc00a2c39e90264f33305004495a9","hash":"6955f1101045b45bd22975aefacd97a742c80ffb"}
}
