TN:
SF:src/components/Counter.tsx
FN:8,Button
FN:32,Paragraph
FN:39,Counter
FN:41,(anonymous_3)
FNF:4
FNH:4
FNDA:30,Button
FNDA:30,Paragraph
FNDA:30,Counter
FNDA:24,(anonymous_3)
DA:10,30
DA:11,28
DA:15,2
DA:17,30
DA:33,30
DA:40,30
DA:41,30
DA:42,30
LF:8
LH:8
BRDA:10,0,0,28
BRDA:10,0,1,2
BRF:2
BRH:2
end_of_record
TN:
SF:src/components/Spider.tsx
FN:6,SpiderSVG
FN:18,Spider
FN:23,(anonymous_2)
FNF:3
FNH:3
FNDA:35,SpiderSVG
FNDA:35,Spider
FNDA:28,(anonymous_2)
DA:7,35
DA:19,35
DA:20,35
DA:22,35
DA:23,35
DA:25,35
LF:6
LH:6
BRF:0
BRH:0
end_of_record
