TN:
SF:src/assets/spider.tsx
FN:3,SpiderSVG
FNF:1
FNH:1
FNDA:35,SpiderSVG
DA:4,35
LF:1
LH:1
BRF:0
BRH:0
end_of_record
TN:
SF:src/components/Counter.tsx
FN:8,Button
FN:30,Paragraph
FN:38,Counter
FN:40,(anonymous_3)
FNF:4
FNH:4
FNDA:30,Button
FNDA:30,Paragraph
FNDA:30,Counter
FNDA:24,(anonymous_3)
DA:10,30
DA:11,28
DA:13,2
DA:15,30
DA:31,30
DA:39,30
DA:40,30
DA:41,30
LF:8
LH:8
BRDA:10,0,0,28
BRDA:10,0,1,2
BRF:2
BRH:2
end_of_record
TN:
SF:src/components/Spider.tsx
FN:8,Spider
FN:12,(anonymous_1)
FNF:2
FNH:2
FNDA:35,Spider
FNDA:28,(anonymous_1)
DA:9,35
DA:10,35
DA:11,35
DA:12,35
DA:14,35
LF:5
LH:5
BRF:0
BRH:0
end_of_record
